<?xml version="1.0" encoding="utf-8"?>
<testsuites errors="0" failures="0" name="SOPass for Ship" tests="4">
    <testsuite errors="0" failures="0" name="Report List" tests="1">
        <testcase classname="Report List" name="Voyage追加">
            <failure message="aaa" type="AssertionError">
                AAA
            </failure>
        </testcase>
    </testsuite>
    <testsuite errors="0" failures="0" name="Port Master" tests="3">
        <testcase classname="Port Master" name="Port追加">
            <failure message="bbb" type="AssertionError">
                BBB
            </failure>
        </testcase>
        <testcase classname="Port Master" name="Port編集">
            <failure message="ccc" type="AssertionError">
                CCC
            </failure>
        </testcase>
        <testcase classname="Port Master" name="Port削除"/>
    </testsuite>
</testsuites>
